[2021-04-22 16:11:41] [ restartedMain ] [ INFO  ] [ com.github.dylanz666.App ] - Starting App on asus-PC with PID 5292 (D:\Downloads\spring-boot-file-upload-demo-main\target\classes started by asus in D:\Downloads\spring-boot-file-upload-demo-main)
[2021-04-22 16:11:41] [ restartedMain ] [ INFO  ] [ com.github.dylanz666.App ] - No active profile set, falling back to default profiles: default
[2021-04-22 16:11:43] [ restartedMain ] [ INFO  ] [ org.springframework.boot.devtools.env.DevToolsPropertyDefaultsPostProcessor ] - Devtools property defaults active! Set 'spring.devtools.add-properties' to 'false' to disable
[2021-04-22 16:11:43] [ restartedMain ] [ INFO  ] [ org.springframework.boot.devtools.env.DevToolsPropertyDefaultsPostProcessor ] - For additional web related logging consider setting the 'logging.level.web' property to 'DEBUG'
[2021-04-22 16:11:52] [ restartedMain ] [ INFO  ] [ org.springframework.boot.web.embedded.tomcat.TomcatWebServer ] - Tomcat initialized with port(s): 8080 (http)
[2021-04-22 16:11:52] [ restartedMain ] [ INFO  ] [ org.apache.coyote.http11.Http11NioProtocol ] - Initializing ProtocolHandler ["http-nio-8080"]
[2021-04-22 16:11:52] [ restartedMain ] [ INFO  ] [ org.apache.catalina.core.StandardService ] - Starting service [Tomcat]
[2021-04-22 16:11:52] [ restartedMain ] [ INFO  ] [ org.apache.catalina.core.StandardEngine ] - Starting Servlet engine: [Apache Tomcat/9.0.38]
[2021-04-22 16:11:53] [ restartedMain ] [ INFO  ] [ org.apache.catalina.core.ContainerBase.[Tomcat].[localhost].[/] ] - Initializing Spring embedded WebApplicationContext
[2021-04-22 16:11:53] [ restartedMain ] [ INFO  ] [ org.springframework.boot.web.servlet.context.ServletWebServerApplicationContext ] - Root WebApplicationContext: initialization completed in 10093 ms
[2021-04-22 16:11:56] [ restartedMain ] [ INFO  ] [ org.springframework.scheduling.concurrent.ThreadPoolTaskExecutor ] - Initializing ExecutorService 'applicationTaskExecutor'
[2021-04-22 16:11:56] [ restartedMain ] [ INFO  ] [ org.springframework.boot.autoconfigure.web.servlet.WelcomePageHandlerMapping ] - Adding welcome page template: index
[2021-04-22 16:11:57] [ restartedMain ] [ WARN  ] [ org.thymeleaf.templatemode.TemplateMode ] - [THYMELEAF][restartedMain] Template Mode 'HTML5' is deprecated. Using Template Mode 'HTML' instead.
[2021-04-22 16:11:58] [ restartedMain ] [ INFO  ] [ org.springframework.boot.devtools.autoconfigure.OptionalLiveReloadServer ] - LiveReload server is running on port 35729
[2021-04-22 16:11:58] [ restartedMain ] [ INFO  ] [ org.apache.coyote.http11.Http11NioProtocol ] - Starting ProtocolHandler ["http-nio-8080"]
[2021-04-22 16:11:58] [ restartedMain ] [ INFO  ] [ org.springframework.boot.web.embedded.tomcat.TomcatWebServer ] - Tomcat started on port(s): 8080 (http) with context path ''
[2021-04-22 16:11:58] [ restartedMain ] [ INFO  ] [ com.github.dylanz666.App ] - Started App in 20.594 seconds (JVM running for 29.413)
[2021-04-22 16:13:03] [ http-nio-8080-exec-1 ] [ INFO  ] [ org.apache.catalina.core.ContainerBase.[Tomcat].[localhost].[/] ] - Initializing Spring DispatcherServlet 'dispatcherServlet'
[2021-04-22 16:13:03] [ http-nio-8080-exec-1 ] [ INFO  ] [ org.springframework.web.servlet.DispatcherServlet ] - Initializing Servlet 'dispatcherServlet'
[2021-04-22 16:13:03] [ http-nio-8080-exec-1 ] [ INFO  ] [ org.springframework.web.servlet.DispatcherServlet ] - Completed initialization in 34 ms
[2021-04-22 16:13:03] [ http-nio-8080-exec-1 ] [ INFO  ] [ com.zaxxer.hikari.HikariDataSource ] - HikariPool-1 - Starting...
[2021-04-22 16:13:04] [ http-nio-8080-exec-1 ] [ INFO  ] [ com.zaxxer.hikari.HikariDataSource ] - HikariPool-1 - Start completed.
[2021-04-22 16:17:14] [ Thread-41 ] [ INFO  ] [ org.springframework.scheduling.concurrent.ThreadPoolTaskExecutor ] - Shutting down ExecutorService 'applicationTaskExecutor'
[2021-04-22 16:17:14] [ Thread-41 ] [ INFO  ] [ com.zaxxer.hikari.HikariDataSource ] - HikariPool-1 - Shutdown initiated...
[2021-04-22 16:17:14] [ Thread-41 ] [ INFO  ] [ com.zaxxer.hikari.HikariDataSource ] - HikariPool-1 - Shutdown completed.
[2021-04-22 16:17:14] [ restartedMain ] [ INFO  ] [ com.github.dylanz666.App ] - Starting App on asus-PC with PID 5292 (D:\Downloads\spring-boot-file-upload-demo-main\target\classes started by asus in D:\Downloads\spring-boot-file-upload-demo-main)
[2021-04-22 16:17:14] [ restartedMain ] [ INFO  ] [ com.github.dylanz666.App ] - No active profile set, falling back to default profiles: default
[2021-04-22 16:17:15] [ restartedMain ] [ WARN  ] [ org.mybatis.spring.mapper.ClassPathMapperScanner ] - No MyBatis mapper was found in '[com.github.dylanz666]' package. Please check your configuration.
[2021-04-22 16:17:15] [ restartedMain ] [ INFO  ] [ org.springframework.boot.web.embedded.tomcat.TomcatWebServer ] - Tomcat initialized with port(s): 8080 (http)
[2021-04-22 16:17:15] [ restartedMain ] [ INFO  ] [ org.apache.coyote.http11.Http11NioProtocol ] - Initializing ProtocolHandler ["http-nio-8080"]
[2021-04-22 16:17:15] [ restartedMain ] [ INFO  ] [ org.apache.catalina.core.StandardService ] - Starting service [Tomcat]
[2021-04-22 16:17:15] [ restartedMain ] [ INFO  ] [ org.apache.catalina.core.StandardEngine ] - Starting Servlet engine: [Apache Tomcat/9.0.38]
[2021-04-22 16:17:15] [ restartedMain ] [ INFO  ] [ org.apache.catalina.core.ContainerBase.[Tomcat].[localhost].[/] ] - Initializing Spring embedded WebApplicationContext
[2021-04-22 16:17:15] [ restartedMain ] [ INFO  ] [ org.springframework.boot.web.servlet.context.ServletWebServerApplicationContext ] - Root WebApplicationContext: initialization completed in 571 ms
[2021-04-22 16:17:15] [ restartedMain ] [ INFO  ] [ org.springframework.scheduling.concurrent.ThreadPoolTaskExecutor ] - Initializing ExecutorService 'applicationTaskExecutor'
[2021-04-22 16:17:15] [ restartedMain ] [ INFO  ] [ org.springframework.boot.autoconfigure.web.servlet.WelcomePageHandlerMapping ] - Adding welcome page template: index
[2021-04-22 16:17:15] [ restartedMain ] [ WARN  ] [ org.thymeleaf.templatemode.TemplateMode ] - [THYMELEAF][restartedMain] Template Mode 'HTML5' is deprecated. Using Template Mode 'HTML' instead.
[2021-04-22 16:17:15] [ restartedMain ] [ WARN  ] [ org.springframework.boot.web.servlet.context.AnnotationConfigServletWebServerApplicationContext ] - Exception encountered during context initialization - cancelling refresh attempt: org.springframework.beans.factory.BeanCreationException: Error creating bean with name 'sqlSessionFactory' defined in class path resource [org/mybatis/spring/boot/autoconfigure/MybatisAutoConfiguration.class]: Bean instantiation via factory method failed; nested exception is org.springframework.beans.BeanInstantiationException: Failed to instantiate [org.apache.ibatis.session.SqlSessionFactory]: Factory method 'sqlSessionFactory' threw exception; nested exception is org.springframework.core.NestedIOException: Failed to parse mapping resource: 'file [D:\Downloads\spring-boot-file-upload-demo-main\target\classes\mapper\MyFileMapper.xml]'; nested exception is org.apache.ibatis.builder.BuilderException: Error parsing Mapper XML. The XML location is 'file [D:\Downloads\spring-boot-file-upload-demo-main\target\classes\mapper\MyFileMapper.xml]'. Cause: org.apache.ibatis.builder.BuilderException: Error resolving class. Cause: org.apache.ibatis.type.TypeException: Could not resolve type alias 'com.github.dylanz666.bean.MyFile'.  Cause: java.lang.ClassNotFoundException: Cannot find class: com.github.dylanz666.bean.MyFile
[2021-04-22 16:17:15] [ restartedMain ] [ INFO  ] [ org.springframework.scheduling.concurrent.ThreadPoolTaskExecutor ] - Shutting down ExecutorService 'applicationTaskExecutor'
[2021-04-22 16:17:15] [ restartedMain ] [ INFO  ] [ org.apache.catalina.core.StandardService ] - Stopping service [Tomcat]
[2021-04-22 16:17:15] [ restartedMain ] [ INFO  ] [ org.springframework.boot.autoconfigure.logging.ConditionEvaluationReportLoggingListener ] - 

Error starting ApplicationContext. To display the conditions report re-run your application with 'debug' enabled.
[2021-04-22 16:17:15] [ restartedMain ] [ ERROR ] [ org.springframework.boot.SpringApplication ] - Application run failed
org.springframework.beans.factory.BeanCreationException: Error creating bean with name 'sqlSessionFactory' defined in class path resource [org/mybatis/spring/boot/autoconfigure/MybatisAutoConfiguration.class]: Bean instantiation via factory method failed; nested exception is org.springframework.beans.BeanInstantiationException: Failed to instantiate [org.apache.ibatis.session.SqlSessionFactory]: Factory method 'sqlSessionFactory' threw exception; nested exception is org.springframework.core.NestedIOException: Failed to parse mapping resource: 'file [D:\Downloads\spring-boot-file-upload-demo-main\target\classes\mapper\MyFileMapper.xml]'; nested exception is org.apache.ibatis.builder.BuilderException: Error parsing Mapper XML. The XML location is 'file [D:\Downloads\spring-boot-file-upload-demo-main\target\classes\mapper\MyFileMapper.xml]'. Cause: org.apache.ibatis.builder.BuilderException: Error resolving class. Cause: org.apache.ibatis.type.TypeException: Could not resolve type alias 'com.github.dylanz666.bean.MyFile'.  Cause: java.lang.ClassNotFoundException: Cannot find class: com.github.dylanz666.bean.MyFile
	at org.springframework.beans.factory.support.ConstructorResolver.instantiate(ConstructorResolver.java:655)
	at org.springframework.beans.factory.support.ConstructorResolver.instantiateUsingFactoryMethod(ConstructorResolver.java:635)
	at org.springframework.beans.factory.support.AbstractAutowireCapableBeanFactory.instantiateUsingFactoryMethod(AbstractAutowireCapableBeanFactory.java:1336)
	at org.springframework.beans.factory.support.AbstractAutowireCapableBeanFactory.createBeanInstance(AbstractAutowireCapableBeanFactory.java:1176)
	at org.springframework.beans.factory.support.AbstractAutowireCapableBeanFactory.doCreateBean(AbstractAutowireCapableBeanFactory.java:556)
	at org.springframework.beans.factory.support.AbstractAutowireCapableBeanFactory.createBean(AbstractAutowireCapableBeanFactory.java:516)
	at org.springframework.beans.factory.support.AbstractBeanFactory.lambda$doGetBean$0(AbstractBeanFactory.java:324)
	at org.springframework.beans.factory.support.DefaultSingletonBeanRegistry.getSingleton(DefaultSingletonBeanRegistry.java:234)
	at org.springframework.beans.factory.support.AbstractBeanFactory.doGetBean(AbstractBeanFactory.java:322)
	at org.springframework.beans.factory.support.AbstractBeanFactory.getBean(AbstractBeanFactory.java:202)
	at org.springframework.beans.factory.support.DefaultListableBeanFactory.preInstantiateSingletons(DefaultListableBeanFactory.java:897)
	at org.springframework.context.support.AbstractApplicationContext.finishBeanFactoryInitialization(AbstractApplicationContext.java:879)
	at org.springframework.context.support.AbstractApplicationContext.refresh(AbstractApplicationContext.java:551)
	at org.springframework.boot.web.servlet.context.ServletWebServerApplicationContext.refresh(ServletWebServerApplicationContext.java:143)
	at org.springframework.boot.SpringApplication.refresh(SpringApplication.java:758)
	at org.springframework.boot.SpringApplication.refresh(SpringApplication.java:750)
	at org.springframework.boot.SpringApplication.refreshContext(SpringApplication.java:397)
	at org.springframework.boot.SpringApplication.run(SpringApplication.java:315)
	at org.springframework.boot.SpringApplication.run(SpringApplication.java:1237)
	at org.springframework.boot.SpringApplication.run(SpringApplication.java:1226)
	at com.github.dylanz666.App.main(App.java:13)
	at sun.reflect.NativeMethodAccessorImpl.invoke0(Native Method)
	at sun.reflect.NativeMethodAccessorImpl.invoke(NativeMethodAccessorImpl.java:62)
	at sun.reflect.DelegatingMethodAccessorImpl.invoke(DelegatingMethodAccessorImpl.java:43)
	at java.lang.reflect.Method.invoke(Method.java:498)
	at org.springframework.boot.devtools.restart.RestartLauncher.run(RestartLauncher.java:49)
Caused by: org.springframework.beans.BeanInstantiationException: Failed to instantiate [org.apache.ibatis.session.SqlSessionFactory]: Factory method 'sqlSessionFactory' threw exception; nested exception is org.springframework.core.NestedIOException: Failed to parse mapping resource: 'file [D:\Downloads\spring-boot-file-upload-demo-main\target\classes\mapper\MyFileMapper.xml]'; nested exception is org.apache.ibatis.builder.BuilderException: Error parsing Mapper XML. The XML location is 'file [D:\Downloads\spring-boot-file-upload-demo-main\target\classes\mapper\MyFileMapper.xml]'. Cause: org.apache.ibatis.builder.BuilderException: Error resolving class. Cause: org.apache.ibatis.type.TypeException: Could not resolve type alias 'com.github.dylanz666.bean.MyFile'.  Cause: java.lang.ClassNotFoundException: Cannot find class: com.github.dylanz666.bean.MyFile
	at org.springframework.beans.factory.support.SimpleInstantiationStrategy.instantiate(SimpleInstantiationStrategy.java:185)
	at org.springframework.beans.factory.support.ConstructorResolver.instantiate(ConstructorResolver.java:650)
	... 25 common frames omitted
Caused by: org.springframework.core.NestedIOException: Failed to parse mapping resource: 'file [D:\Downloads\spring-boot-file-upload-demo-main\target\classes\mapper\MyFileMapper.xml]'; nested exception is org.apache.ibatis.builder.BuilderException: Error parsing Mapper XML. The XML location is 'file [D:\Downloads\spring-boot-file-upload-demo-main\target\classes\mapper\MyFileMapper.xml]'. Cause: org.apache.ibatis.builder.BuilderException: Error resolving class. Cause: org.apache.ibatis.type.TypeException: Could not resolve type alias 'com.github.dylanz666.bean.MyFile'.  Cause: java.lang.ClassNotFoundException: Cannot find class: com.github.dylanz666.bean.MyFile
	at org.mybatis.spring.SqlSessionFactoryBean.buildSqlSessionFactory(SqlSessionFactoryBean.java:595)
	at org.mybatis.spring.SqlSessionFactoryBean.afterPropertiesSet(SqlSessionFactoryBean.java:475)
	at org.mybatis.spring.SqlSessionFactoryBean.getObject(SqlSessionFactoryBean.java:615)
	at org.mybatis.spring.boot.autoconfigure.MybatisAutoConfiguration.sqlSessionFactory(MybatisAutoConfiguration.java:180)
	at org.mybatis.spring.boot.autoconfigure.MybatisAutoConfiguration$$EnhancerBySpringCGLIB$$af3b738e.CGLIB$sqlSessionFactory$1(<generated>)
	at org.mybatis.spring.boot.autoconfigure.MybatisAutoConfiguration$$EnhancerBySpringCGLIB$$af3b738e$$FastClassBySpringCGLIB$$9b7ec0ab.invoke(<generated>)
	at org.springframework.cglib.proxy.MethodProxy.invokeSuper(MethodProxy.java:244)
	at org.springframework.context.annotation.ConfigurationClassEnhancer$BeanMethodInterceptor.intercept(ConfigurationClassEnhancer.java:331)
	at org.mybatis.spring.boot.autoconfigure.MybatisAutoConfiguration$$EnhancerBySpringCGLIB$$af3b738e.sqlSessionFactory(<generated>)
	at sun.reflect.NativeMethodAccessorImpl.invoke0(Native Method)
	at sun.reflect.NativeMethodAccessorImpl.invoke(NativeMethodAccessorImpl.java:62)
	at sun.reflect.DelegatingMethodAccessorImpl.invoke(DelegatingMethodAccessorImpl.java:43)
	at java.lang.reflect.Method.invoke(Method.java:498)
	at org.springframework.beans.factory.support.SimpleInstantiationStrategy.instantiate(SimpleInstantiationStrategy.java:154)
	... 26 common frames omitted
Caused by: org.apache.ibatis.builder.BuilderException: Error parsing Mapper XML. The XML location is 'file [D:\Downloads\spring-boot-file-upload-demo-main\target\classes\mapper\MyFileMapper.xml]'. Cause: org.apache.ibatis.builder.BuilderException: Error resolving class. Cause: org.apache.ibatis.type.TypeException: Could not resolve type alias 'com.github.dylanz666.bean.MyFile'.  Cause: java.lang.ClassNotFoundException: Cannot find class: com.github.dylanz666.bean.MyFile
	at org.apache.ibatis.builder.xml.XMLMapperBuilder.configurationElement(XMLMapperBuilder.java:122)
	at org.apache.ibatis.builder.xml.XMLMapperBuilder.parse(XMLMapperBuilder.java:94)
	at org.mybatis.spring.SqlSessionFactoryBean.buildSqlSessionFactory(SqlSessionFactoryBean.java:593)
	... 39 common frames omitted
Caused by: org.apache.ibatis.builder.BuilderException: Error resolving class. Cause: org.apache.ibatis.type.TypeException: Could not resolve type alias 'com.github.dylanz666.bean.MyFile'.  Cause: java.lang.ClassNotFoundException: Cannot find class: com.github.dylanz666.bean.MyFile
	at org.apache.ibatis.builder.BaseBuilder.resolveClass(BaseBuilder.java:118)
	at org.apache.ibatis.builder.xml.XMLStatementBuilder.parseStatementNode(XMLStatementBuilder.java:102)
	at org.apache.ibatis.builder.xml.XMLMapperBuilder.buildStatementFromContext(XMLMapperBuilder.java:137)
	at org.apache.ibatis.builder.xml.XMLMapperBuilder.buildStatementFromContext(XMLMapperBuilder.java:130)
	at org.apache.ibatis.builder.xml.XMLMapperBuilder.configurationElement(XMLMapperBuilder.java:120)
	... 41 common frames omitted
Caused by: org.apache.ibatis.type.TypeException: Could not resolve type alias 'com.github.dylanz666.bean.MyFile'.  Cause: java.lang.ClassNotFoundException: Cannot find class: com.github.dylanz666.bean.MyFile
	at org.apache.ibatis.type.TypeAliasRegistry.resolveAlias(TypeAliasRegistry.java:120)
	at org.apache.ibatis.builder.BaseBuilder.resolveAlias(BaseBuilder.java:149)
	at org.apache.ibatis.builder.BaseBuilder.resolveClass(BaseBuilder.java:116)
	... 45 common frames omitted
Caused by: java.lang.ClassNotFoundException: Cannot find class: com.github.dylanz666.bean.MyFile
	at org.apache.ibatis.io.ClassLoaderWrapper.classForName(ClassLoaderWrapper.java:200)
	at org.apache.ibatis.io.ClassLoaderWrapper.classForName(ClassLoaderWrapper.java:89)
	at org.apache.ibatis.io.Resources.classForName(Resources.java:261)
	at org.apache.ibatis.type.TypeAliasRegistry.resolveAlias(TypeAliasRegistry.java:116)
	... 47 common frames omitted
[2021-04-22 16:17:30] [ restartedMain ] [ INFO  ] [ com.github.dylanz666.App ] - Starting App on asus-PC with PID 5292 (D:\Downloads\spring-boot-file-upload-demo-main\target\classes started by asus in D:\Downloads\spring-boot-file-upload-demo-main)
[2021-04-22 16:17:30] [ restartedMain ] [ INFO  ] [ com.github.dylanz666.App ] - No active profile set, falling back to default profiles: default
[2021-04-22 16:17:31] [ restartedMain ] [ INFO  ] [ org.springframework.boot.web.embedded.tomcat.TomcatWebServer ] - Tomcat initialized with port(s): 8080 (http)
[2021-04-22 16:17:31] [ restartedMain ] [ INFO  ] [ org.apache.coyote.http11.Http11NioProtocol ] - Initializing ProtocolHandler ["http-nio-8080"]
[2021-04-22 16:17:31] [ restartedMain ] [ INFO  ] [ org.apache.catalina.core.StandardService ] - Starting service [Tomcat]
[2021-04-22 16:17:31] [ restartedMain ] [ INFO  ] [ org.apache.catalina.core.StandardEngine ] - Starting Servlet engine: [Apache Tomcat/9.0.38]
[2021-04-22 16:17:32] [ restartedMain ] [ INFO  ] [ org.apache.catalina.core.ContainerBase.[Tomcat-1].[localhost].[/] ] - Initializing Spring embedded WebApplicationContext
[2021-04-22 16:17:32] [ restartedMain ] [ INFO  ] [ org.springframework.boot.web.servlet.context.ServletWebServerApplicationContext ] - Root WebApplicationContext: initialization completed in 2283 ms
[2021-04-22 16:17:33] [ restartedMain ] [ INFO  ] [ org.springframework.scheduling.concurrent.ThreadPoolTaskExecutor ] - Initializing ExecutorService 'applicationTaskExecutor'
[2021-04-22 16:17:33] [ restartedMain ] [ INFO  ] [ org.springframework.boot.autoconfigure.web.servlet.WelcomePageHandlerMapping ] - Adding welcome page template: index
[2021-04-22 16:17:33] [ restartedMain ] [ WARN  ] [ org.thymeleaf.templatemode.TemplateMode ] - [THYMELEAF][restartedMain] Template Mode 'HTML5' is deprecated. Using Template Mode 'HTML' instead.
[2021-04-22 16:17:33] [ restartedMain ] [ INFO  ] [ org.springframework.boot.devtools.autoconfigure.OptionalLiveReloadServer ] - LiveReload server is running on port 35729
[2021-04-22 16:17:33] [ restartedMain ] [ INFO  ] [ org.apache.coyote.http11.Http11NioProtocol ] - Starting ProtocolHandler ["http-nio-8080"]
[2021-04-22 16:17:33] [ restartedMain ] [ INFO  ] [ org.springframework.boot.web.embedded.tomcat.TomcatWebServer ] - Tomcat started on port(s): 8080 (http) with context path ''
[2021-04-22 16:17:33] [ restartedMain ] [ INFO  ] [ com.github.dylanz666.App ] - Started App in 3.6 seconds (JVM running for 364.35)
[2021-04-22 16:17:33] [ restartedMain ] [ INFO  ] [ org.springframework.boot.devtools.autoconfigure.ConditionEvaluationDeltaLoggingListener ] - Condition evaluation unchanged
[2021-04-22 16:25:09] [ restartedMain ] [ INFO  ] [ com.github.eugene1024.App ] - Starting App on asus-PC with PID 8744 (D:\Downloads\spring-boot-file-upload-demo-main\target\classes started by asus in D:\Downloads\spring-boot-file-upload-demo-main)
[2021-04-22 16:25:09] [ restartedMain ] [ INFO  ] [ com.github.eugene1024.App ] - No active profile set, falling back to default profiles: default
[2021-04-22 16:25:09] [ restartedMain ] [ INFO  ] [ org.springframework.boot.devtools.env.DevToolsPropertyDefaultsPostProcessor ] - Devtools property defaults active! Set 'spring.devtools.add-properties' to 'false' to disable
[2021-04-22 16:25:09] [ restartedMain ] [ INFO  ] [ org.springframework.boot.devtools.env.DevToolsPropertyDefaultsPostProcessor ] - For additional web related logging consider setting the 'logging.level.web' property to 'DEBUG'
[2021-04-22 16:25:11] [ restartedMain ] [ INFO  ] [ org.springframework.boot.web.embedded.tomcat.TomcatWebServer ] - Tomcat initialized with port(s): 8080 (http)
[2021-04-22 16:25:11] [ restartedMain ] [ INFO  ] [ org.apache.coyote.http11.Http11NioProtocol ] - Initializing ProtocolHandler ["http-nio-8080"]
[2021-04-22 16:25:11] [ restartedMain ] [ INFO  ] [ org.apache.catalina.core.StandardService ] - Starting service [Tomcat]
[2021-04-22 16:25:11] [ restartedMain ] [ INFO  ] [ org.apache.catalina.core.StandardEngine ] - Starting Servlet engine: [Apache Tomcat/9.0.38]
[2021-04-22 16:25:12] [ restartedMain ] [ INFO  ] [ org.apache.catalina.core.ContainerBase.[Tomcat].[localhost].[/] ] - Initializing Spring embedded WebApplicationContext
[2021-04-22 16:25:12] [ restartedMain ] [ INFO  ] [ org.springframework.boot.web.servlet.context.ServletWebServerApplicationContext ] - Root WebApplicationContext: initialization completed in 2785 ms
[2021-04-22 16:25:13] [ restartedMain ] [ INFO  ] [ org.springframework.scheduling.concurrent.ThreadPoolTaskExecutor ] - Initializing ExecutorService 'applicationTaskExecutor'
[2021-04-22 16:25:13] [ restartedMain ] [ INFO  ] [ org.springframework.boot.autoconfigure.web.servlet.WelcomePageHandlerMapping ] - Adding welcome page template: index
[2021-04-22 16:25:13] [ restartedMain ] [ WARN  ] [ org.thymeleaf.templatemode.TemplateMode ] - [THYMELEAF][restartedMain] Template Mode 'HTML5' is deprecated. Using Template Mode 'HTML' instead.
[2021-04-22 16:25:13] [ restartedMain ] [ INFO  ] [ org.springframework.boot.devtools.autoconfigure.OptionalLiveReloadServer ] - LiveReload server is running on port 35729
[2021-04-22 16:25:13] [ restartedMain ] [ INFO  ] [ org.apache.coyote.http11.Http11NioProtocol ] - Starting ProtocolHandler ["http-nio-8080"]
[2021-04-22 16:25:13] [ restartedMain ] [ INFO  ] [ org.springframework.boot.web.embedded.tomcat.TomcatWebServer ] - Tomcat started on port(s): 8080 (http) with context path ''
[2021-04-22 16:25:13] [ restartedMain ] [ INFO  ] [ com.github.eugene1024.App ] - Started App in 5.557 seconds (JVM running for 10.361)
[2021-04-22 16:26:09] [ http-nio-8080-exec-1 ] [ INFO  ] [ org.apache.catalina.core.ContainerBase.[Tomcat].[localhost].[/] ] - Initializing Spring DispatcherServlet 'dispatcherServlet'
[2021-04-22 16:26:09] [ http-nio-8080-exec-1 ] [ INFO  ] [ org.springframework.web.servlet.DispatcherServlet ] - Initializing Servlet 'dispatcherServlet'
[2021-04-22 16:26:09] [ http-nio-8080-exec-1 ] [ INFO  ] [ org.springframework.web.servlet.DispatcherServlet ] - Completed initialization in 64 ms
[2021-04-22 16:26:09] [ http-nio-8080-exec-1 ] [ INFO  ] [ com.zaxxer.hikari.HikariDataSource ] - HikariPool-1 - Starting...
[2021-04-22 16:26:10] [ http-nio-8080-exec-1 ] [ INFO  ] [ com.zaxxer.hikari.HikariDataSource ] - HikariPool-1 - Start completed.
[2021-04-22 16:32:33] [ restartedMain ] [ INFO  ] [ com.github.eugene1024.App ] - Starting App on asus-PC with PID 7984 (D:\Downloads\spring-boot-file-upload-demo-main\target\classes started by asus in D:\Downloads\spring-boot-file-upload-demo-main)
[2021-04-22 16:32:33] [ restartedMain ] [ INFO  ] [ com.github.eugene1024.App ] - No active profile set, falling back to default profiles: default
[2021-04-22 16:32:33] [ restartedMain ] [ INFO  ] [ org.springframework.boot.devtools.env.DevToolsPropertyDefaultsPostProcessor ] - Devtools property defaults active! Set 'spring.devtools.add-properties' to 'false' to disable
[2021-04-22 16:32:33] [ restartedMain ] [ INFO  ] [ org.springframework.boot.devtools.env.DevToolsPropertyDefaultsPostProcessor ] - For additional web related logging consider setting the 'logging.level.web' property to 'DEBUG'
[2021-04-22 16:32:37] [ restartedMain ] [ INFO  ] [ org.springframework.boot.web.embedded.tomcat.TomcatWebServer ] - Tomcat initialized with port(s): 8080 (http)
[2021-04-22 16:32:37] [ restartedMain ] [ INFO  ] [ org.apache.coyote.http11.Http11NioProtocol ] - Initializing ProtocolHandler ["http-nio-8080"]
[2021-04-22 16:32:37] [ restartedMain ] [ INFO  ] [ org.apache.catalina.core.StandardService ] - Starting service [Tomcat]
[2021-04-22 16:32:37] [ restartedMain ] [ INFO  ] [ org.apache.catalina.core.StandardEngine ] - Starting Servlet engine: [Apache Tomcat/9.0.38]
[2021-04-22 16:32:38] [ restartedMain ] [ INFO  ] [ org.apache.catalina.core.ContainerBase.[Tomcat].[localhost].[/] ] - Initializing Spring embedded WebApplicationContext
[2021-04-22 16:32:38] [ restartedMain ] [ INFO  ] [ org.springframework.boot.web.servlet.context.ServletWebServerApplicationContext ] - Root WebApplicationContext: initialization completed in 4327 ms
[2021-04-22 16:32:39] [ restartedMain ] [ INFO  ] [ org.springframework.scheduling.concurrent.ThreadPoolTaskExecutor ] - Initializing ExecutorService 'applicationTaskExecutor'
[2021-04-22 16:32:39] [ restartedMain ] [ INFO  ] [ org.springframework.boot.autoconfigure.web.servlet.WelcomePageHandlerMapping ] - Adding welcome page template: index
[2021-04-22 16:32:39] [ restartedMain ] [ WARN  ] [ org.thymeleaf.templatemode.TemplateMode ] - [THYMELEAF][restartedMain] Template Mode 'HTML5' is deprecated. Using Template Mode 'HTML' instead.
[2021-04-22 16:32:40] [ restartedMain ] [ INFO  ] [ org.springframework.boot.devtools.autoconfigure.OptionalLiveReloadServer ] - LiveReload server is running on port 35729
[2021-04-22 16:32:40] [ restartedMain ] [ INFO  ] [ org.apache.coyote.http11.Http11NioProtocol ] - Starting ProtocolHandler ["http-nio-8080"]
[2021-04-22 16:32:40] [ restartedMain ] [ INFO  ] [ org.springframework.boot.web.embedded.tomcat.TomcatWebServer ] - Tomcat started on port(s): 8080 (http) with context path ''
[2021-04-22 16:32:40] [ restartedMain ] [ INFO  ] [ com.github.eugene1024.App ] - Started App in 9.24 seconds (JVM running for 12.598)
[2021-04-22 16:32:45] [ http-nio-8080-exec-1 ] [ INFO  ] [ org.apache.catalina.core.ContainerBase.[Tomcat].[localhost].[/] ] - Initializing Spring DispatcherServlet 'dispatcherServlet'
[2021-04-22 16:32:45] [ http-nio-8080-exec-1 ] [ INFO  ] [ org.springframework.web.servlet.DispatcherServlet ] - Initializing Servlet 'dispatcherServlet'
[2021-04-22 16:32:45] [ http-nio-8080-exec-1 ] [ INFO  ] [ org.springframework.web.servlet.DispatcherServlet ] - Completed initialization in 31 ms
[2021-04-22 16:32:45] [ http-nio-8080-exec-1 ] [ INFO  ] [ com.zaxxer.hikari.HikariDataSource ] - HikariPool-1 - Starting...
[2021-04-22 16:32:46] [ http-nio-8080-exec-1 ] [ INFO  ] [ com.zaxxer.hikari.HikariDataSource ] - HikariPool-1 - Start completed.
